0 info it worked if it ends with ok
1 verbose cli [ '/usr/local/bin/node', '/usr/local/bin/npm', 'run', 'server' ]
2 info using npm@3.9.3
3 info using node@v6.2.1
4 verbose run-script [ 'preserver', 'server', 'postserver' ]
5 info lifecycle trebus@1.0.0~preserver: trebus@1.0.0
6 silly lifecycle trebus@1.0.0~preserver: no script for preserver, continuing
7 info lifecycle trebus@1.0.0~server: trebus@1.0.0
8 verbose lifecycle trebus@1.0.0~server: unsafe-perm in lifecycle true
9 verbose lifecycle trebus@1.0.0~server: PATH: /usr/local/lib/node_modules/npm/bin/node-gyp-bin:/Users/anttipitkanen/trebus/node_modules/.bin:/usr/local/bin:/opt/local/bin:/opt/local/sbin:/Users/anttipitkanen/.rvm/gems/ruby-2.2.1/bin:/Users/anttipitkanen/.rvm/gems/ruby-2.2.1@global/bin:/Users/anttipitkanen/.rvm/rubies/ruby-2.2.1/bin:/usr/local/bin:/Library/Frameworks/Python.framework/Versions/3.4/bin:/usr/bin:/bin:/usr/sbin:/sbin:/usr/local/bin:/opt/X11/bin:/usr/local/lib/node_modules/npm/bin/node-gyp-bin:/Users/anttipitkanen/trebus/node_modules/.bin:/opt/local/bin:/opt/local/sbin:/Users/anttipitkanen/.rvm/gems/ruby-2.2.1/bin:/Users/anttipitkanen/.rvm/gems/ruby-2.2.1@global/bin:/Users/anttipitkanen/.rvm/rubies/ruby-2.2.1/bin:/Library/Frameworks/Python.framework/Versions/3.4/bin:/Users/anttipitkanen/.rvm/bin:MONGO_PATH/bin:MONGO_PATH/bin
10 verbose lifecycle trebus@1.0.0~server: CWD: /Users/anttipitkanen/trebus
11 silly lifecycle trebus@1.0.0~server: Args: [ '-c', 'babel-node server.js' ]
12 silly lifecycle trebus@1.0.0~server: Returned: code: 1  signal: null
13 info lifecycle trebus@1.0.0~server: Failed to exec server script
14 verbose stack Error: trebus@1.0.0 server: `babel-node server.js`
14 verbose stack Exit status 1
14 verbose stack     at EventEmitter.<anonymous> (/usr/local/lib/node_modules/npm/lib/utils/lifecycle.js:245:16)
14 verbose stack     at emitTwo (events.js:106:13)
14 verbose stack     at EventEmitter.emit (events.js:191:7)
14 verbose stack     at ChildProcess.<anonymous> (/usr/local/lib/node_modules/npm/lib/utils/spawn.js:24:14)
14 verbose stack     at emitTwo (events.js:106:13)
14 verbose stack     at ChildProcess.emit (events.js:191:7)
14 verbose stack     at maybeClose (internal/child_process.js:852:16)
14 verbose stack     at Process.ChildProcess._handle.onexit (internal/child_process.js:215:5)
15 verbose pkgid trebus@1.0.0
16 verbose cwd /Users/anttipitkanen/trebus
17 error Darwin 15.5.0
18 error argv "/usr/local/bin/node" "/usr/local/bin/npm" "run" "server"
19 error node v6.2.1
20 error npm  v3.9.3
21 error code ELIFECYCLE
22 error trebus@1.0.0 server: `babel-node server.js`
22 error Exit status 1
23 error Failed at the trebus@1.0.0 server script 'babel-node server.js'.
23 error Make sure you have the latest version of node.js and npm installed.
23 error If you do, this is most likely a problem with the trebus package,
23 error not with npm itself.
23 error Tell the author that this fails on your system:
23 error     babel-node server.js
23 error You can get information on how to open an issue for this project with:
23 error     npm bugs trebus
23 error Or if that isn't available, you can get their info via:
23 error     npm owner ls trebus
23 error There is likely additional logging output above.
24 verbose exit [ 1, true ]
